{"numFailedTestSuites":0,"numFailedTests":0,"numPassedTestSuites":2,"numPassedTests":3,"numPendingTestSuites":0,"numPendingTests":0,"numRuntimeErrorTestSuites":0,"numTodoTests":0,"numTotalTestSuites":2,"numTotalTests":3,"openHandles":[],"snapshot":{"added":0,"didUpdate":false,"failure":false,"filesAdded":0,"filesRemoved":0,"filesRemovedList":[],"filesUnmatched":0,"filesUpdated":0,"matched":0,"total":0,"unchecked":0,"uncheckedKeysByFile":[],"unmatched":0,"updated":0},"startTime":1632597259178,"success":true,"testResults":[{"assertionResults":[{"ancestorTitles":["example-component"],"failureMessages":[],"fullName":"example-component renders","location":null,"status":"passed","title":"renders"}],"endTime":1632597260511,"message":"","name":"/home/rick-schultz/Projects/Rick/rick-virtual-identity-coding-challenge/src/components/example-component/test/example-component.spec.tsx","startTime":1632597259839,"status":"passed","summary":""},{"assertionResults":[{"ancestorTitles":["example-component"],"failureMessages":[],"fullName":"example-component renders","location":null,"status":"passed","title":"renders"},{"ancestorTitles":["example-component"],"failureMessages":[],"fullName":"example-component screenshot testing empty","location":null,"status":"passed","title":"screenshot testing empty"}],"endTime":1632597260973,"message":"","name":"/home/rick-schultz/Projects/Rick/rick-virtual-identity-coding-challenge/src/components/example-component/test/example-component.e2e.ts","startTime":1632597259823,"status":"passed","summary":""}],"wasInterrupted":false}