{"numFailedTestSuites":1,"numFailedTests":1,"numPassedTestSuites":1,"numPassedTests":2,"numPendingTestSuites":0,"numPendingTests":0,"numRuntimeErrorTestSuites":0,"numTodoTests":0,"numTotalTestSuites":2,"numTotalTests":3,"openHandles":[],"snapshot":{"added":0,"didUpdate":false,"failure":false,"filesAdded":0,"filesRemoved":0,"filesRemovedList":[],"filesUnmatched":0,"filesUpdated":0,"matched":0,"total":0,"unchecked":0,"uncheckedKeysByFile":[],"unmatched":0,"updated":0},"startTime":1632552428787,"success":false,"testResults":[{"assertionResults":[{"ancestorTitles":["example-component"],"failureMessages":["Error: \u001b[2mexpect(\u001b[22m\u001b[31mreceived\u001b[39m\u001b[2m).\u001b[22mtoBe\u001b[2m(\u001b[22m\u001b[32mexpected\u001b[39m\u001b[2m) // Object.is equality\u001b[22m\n\n\u001b[32m- Expected  - 11\u001b[39m\n\u001b[31m+ Received  +  4\u001b[39m\n\n\u001b[32m- <div\u001b[7m>\u001b[27m\u001b[39m\n\u001b[32m-   <h1>\u001b[39m\n\u001b[32m-     A little component to show you cool stuff\u001b[39m\n\u001b[32m-   </h1>\u001b[39m\n\u001b[32m-   <p>\u001b[39m\n\u001b[32m-     Here we use a text Knob to play with this component in the preview:\u001b[39m\n\u001b[32m-     <slot></slot>\u001b[39m\n\u001b[32m-   </p>\u001b[39m\n\u001b[32m-   <p>\u001b[39m\n\u001b[32m-     And that's a Stencil Prop: - have a look at the docs tab in the preview to see the autogenerated readme.\u001b[39m\n\u001b[31m+ <div\u001b[7m class=\"headline\">\u001b[27m\u001b[39m\n\u001b[31m+   <h4>\u001b[39m\n\u001b[31m+     CtA - Main Conversion\u001b[39m\n\u001b[32m-   </\u001b[7mp\u001b[27m>\u001b[39m\n\u001b[31m+   </\u001b[7mh4\u001b[27m>\u001b[39m\n\u001b[2m  </div>\u001b[22m\n    at compareHtml (/home/rick-schultz/Projects/Rick/rick-virtual-identity-coding-challenge/node_modules/@stencil/core/testing/index.js:220:30)\n    at Object.toEqualHtml (/home/rick-schultz/Projects/Rick/rick-virtual-identity-coding-challenge/node_modules/@stencil/core/testing/index.js:1338:10)\n    at __EXTERNAL_MATCHER_TRAP__ (/home/rick-schultz/Projects/Rick/rick-virtual-identity-coding-challenge/node_modules/expect/build/index.js:342:30)\n    at Object.throwingMatcher [as toEqualHtml] (/home/rick-schultz/Projects/Rick/rick-virtual-identity-coding-challenge/node_modules/expect/build/index.js:343:15)\n    at Object.<anonymous> (/home/rick-schultz/Projects/Rick/rick-virtual-identity-coding-challenge/src/components/example-component/test/example-component.spec.tsx:8:21)\n    at processTicksAndRejections (internal/process/task_queues.js:95:5)"],"fullName":"example-component renders","location":null,"status":"failed","title":"renders"}],"endTime":1632552430103,"message":"\u001b[1m\u001b[31m  \u001b[1m● \u001b[22m\u001b[1mexample-component › renders\u001b[39m\u001b[22m\n\n    \u001b[2mexpect(\u001b[22m\u001b[31mreceived\u001b[39m\u001b[2m).\u001b[22mtoBe\u001b[2m(\u001b[22m\u001b[32mexpected\u001b[39m\u001b[2m) // Object.is equality\u001b[22m\n\n    \u001b[32m- Expected  - 11\u001b[39m\n    \u001b[31m+ Received  +  4\u001b[39m\n\n    \u001b[32m- <div\u001b[7m>\u001b[27m\u001b[39m\n    \u001b[32m-   <h1>\u001b[39m\n    \u001b[32m-     A little component to show you cool stuff\u001b[39m\n    \u001b[32m-   </h1>\u001b[39m\n    \u001b[32m-   <p>\u001b[39m\n    \u001b[32m-     Here we use a text Knob to play with this component in the preview:\u001b[39m\n    \u001b[32m-     <slot></slot>\u001b[39m\n    \u001b[32m-   </p>\u001b[39m\n    \u001b[32m-   <p>\u001b[39m\n    \u001b[32m-     And that's a Stencil Prop: - have a look at the docs tab in the preview to see the autogenerated readme.\u001b[39m\n    \u001b[31m+ <div\u001b[7m class=\"headline\">\u001b[27m\u001b[39m\n    \u001b[31m+   <h4>\u001b[39m\n    \u001b[31m+     CtA - Main Conversion\u001b[39m\n    \u001b[32m-   </\u001b[7mp\u001b[27m>\u001b[39m\n    \u001b[31m+   </\u001b[7mh4\u001b[27m>\u001b[39m\n    \u001b[2m  </div>\u001b[22m\n\u001b[2m\u001b[22m\n\u001b[2m    \u001b[0m \u001b[90m  6 |\u001b[39m     \u001b[36mconst\u001b[39m content \u001b[33m=\u001b[39m getChild(\u001b[36mawait\u001b[39m createSpecComponent(\u001b[32m'example-component'\u001b[39m\u001b[33m,\u001b[39m \u001b[33mExampleComponent\u001b[39m))\u001b[33m;\u001b[39m\u001b[0m\u001b[22m\n\u001b[2m    \u001b[0m \u001b[90m  7 |\u001b[39m\u001b[0m\u001b[22m\n\u001b[2m    \u001b[0m\u001b[31m\u001b[1m>\u001b[22m\u001b[2m\u001b[39m\u001b[90m  8 |\u001b[39m     expect(content)\u001b[33m.\u001b[39mtoEqualHtml(\u001b[32m`\u001b[39m\u001b[0m\u001b[22m\n\u001b[2m    \u001b[0m \u001b[90m    |\u001b[39m                     \u001b[31m\u001b[1m^\u001b[22m\u001b[2m\u001b[39m\u001b[0m\u001b[22m\n\u001b[2m    \u001b[0m \u001b[90m  9 |\u001b[39m \u001b[32m    <div>\u001b[39m\u001b[0m\u001b[22m\n\u001b[2m    \u001b[0m \u001b[90m 10 |\u001b[39m \u001b[32m      <h1>A little component to show you cool stuff</h1>\u001b[39m\u001b[0m\u001b[22m\n\u001b[2m    \u001b[0m \u001b[90m 11 |\u001b[39m \u001b[32m      <p>\u001b[39m\u001b[0m\u001b[22m\n\u001b[2m\u001b[22m\n\u001b[2m      \u001b[2mat compareHtml (\u001b[22m\u001b[2mnode_modules/@stencil/core/testing/index.js\u001b[2m:220:30)\u001b[22m\u001b[2m\u001b[22m\n\u001b[2m      \u001b[2mat Object.toEqualHtml (\u001b[22m\u001b[2mnode_modules/@stencil/core/testing/index.js\u001b[2m:1338:10)\u001b[22m\u001b[2m\u001b[22m\n\u001b[2m      \u001b[2mat __EXTERNAL_MATCHER_TRAP__ (\u001b[22m\u001b[2mnode_modules/expect/build/index.js\u001b[2m:342:30)\u001b[22m\u001b[2m\u001b[22m\n\u001b[2m      \u001b[2mat Object.throwingMatcher [as toEqualHtml] (\u001b[22m\u001b[2mnode_modules/expect/build/index.js\u001b[2m:343:15)\u001b[22m\u001b[2m\u001b[22m\n\u001b[2m      \u001b[2mat Object.<anonymous> (\u001b[22m\u001b[2m\u001b[0m\u001b[36msrc/components/example-component/test/example-component.spec.tsx\u001b[39m\u001b[0m\u001b[2m:8:21)\u001b[22m\u001b[2m\u001b[22m\n","name":"/home/rick-schultz/Projects/Rick/rick-virtual-identity-coding-challenge/src/components/example-component/test/example-component.spec.tsx","startTime":1632552429469,"status":"failed","summary":""},{"assertionResults":[{"ancestorTitles":["example-component"],"failureMessages":[],"fullName":"example-component renders","location":null,"status":"passed","title":"renders"},{"ancestorTitles":["example-component"],"failureMessages":[],"fullName":"example-component screenshot testing empty","location":null,"status":"passed","title":"screenshot testing empty"}],"endTime":1632552430909,"message":"","name":"/home/rick-schultz/Projects/Rick/rick-virtual-identity-coding-challenge/src/components/example-component/test/example-component.e2e.ts","startTime":1632552429479,"status":"passed","summary":""}],"wasInterrupted":false}